{
  "RSpec": {
    "coverage": {
      "/Users/jisu/Flatiron/projects/language8020/app/models/language.rb": [
        1,
        1,
        null
      ],
      "/Users/jisu/Flatiron/projects/language8020/app/models/word.rb": [
        1,
        1,
        null,
        null,
        null,
        null,
        null,
        null,
        null,
        null,
        null,
        null,
        null,
        null,
        null,
        null,
        null,
        null,
        null,
        null,
        null,
        null,
        null
      ],
      "/Users/jisu/Flatiron/projects/language8020/app/controllers/languages_controller.rb": [
        1,
        1,
        null,
        1,
        3,
        3,
        null,
        null,
        1,
        3,
        3,
        null,
        null,
        1,
        1,
        0,
        null,
        null,
        1,
        1,
        1,
        null,
        null,
        1,
        1,
        null,
        null,
        1,
        1,
        1,
        1,
        0,
        0,
        null,
        null,
        null,
        1,
        1,
        3,
        3,
        3,
        3,
        null,
        3,
        3,
        3,
        3,
        null,
        3,
        3,
        null,
        3,
        null,
        null,
        1,
        10,
        null,
        null
      ],
      "/Users/jisu/Flatiron/projects/language8020/app/controllers/application_controller.rb": [
        1,
        null,
        null,
        1,
        null
      ]
    },
    "timestamp": 1398115753
  }
}
