{
  "RSpec": {
    "coverage": {
      "/Users/Christopher/Development/code/flatiron-school/language8020/app/models/language.rb": [
        1,
        1,
        null
      ],
      "/Users/Christopher/Development/code/flatiron-school/language8020/app/models/word.rb": [
        1,
        1,
        null,
        null,
        null,
        null,
        null,
        null,
        null,
        null,
        null,
        null,
        null,
        null,
        null,
        null,
        null,
        null,
        null,
        null,
        null,
        null,
        null
      ],
      "/Users/Christopher/Development/code/flatiron-school/language8020/app/controllers/languages_controller.rb": [
        1,
        1,
        null,
        1,
        3,
        3,
        null,
        null,
        1,
        2,
        2,
        null,
        null,
        1,
        0,
        0,
        null,
        null,
        1,
        1,
        1,
        null,
        null,
        1,
        1,
        null,
        null,
        1,
        0,
        0,
        0,
        0,
        0,
        null,
        null,
        null,
        1,
        1,
        2,
        2,
        2,
        2,
        null,
        2,
        2,
        2,
        2,
        null,
        2,
        2,
        null,
        2,
        null,
        null,
        1,
        7,
        null,
        null
      ],
      "/Users/Christopher/Development/code/flatiron-school/language8020/app/controllers/application_controller.rb": [
        1,
        null,
        null,
        1,
        null
      ]
    },
    "timestamp": 1398093196
  }
}
